  BreakoutWorld.cpp
f:\swastik\personal git projects\breakout-ecs-opengl\breakoutgame\breakoutgame\breakoutworld.cpp(59): warning C4244: '=': conversion from 'GLint' to 'GLfloat', possible loss of data
f:\swastik\personal git projects\breakout-ecs-opengl\breakoutgame\breakoutgame\breakoutworld.cpp(60): warning C4244: '=': conversion from 'GLint' to 'GLfloat', possible loss of data
f:\swastik\personal git projects\breakout-ecs-opengl\breakoutgame\breakoutgame\breakoutworld.cpp(213): warning C4244: 'argument': conversion from 'double' to 'GLfloat', possible loss of data
f:\swastik\personal git projects\breakout-ecs-opengl\breakoutgame\breakoutgame\breakoutworld.cpp(215): warning C4244: 'initializing': conversion from 'GLfloat' to 'GLint', possible loss of data
f:\swastik\personal git projects\breakout-ecs-opengl\breakoutgame\breakoutgame\breakoutworld.cpp(226): warning C4244: 'argument': conversion from 'int' to 'GLfloat', possible loss of data
f:\swastik\personal git projects\breakout-ecs-opengl\breakoutgame\breakoutgame\breakoutworld.cpp(230): warning C4244: 'argument': conversion from 'double' to 'GLfloat', possible loss of data
f:\swastik\personal git projects\breakout-ecs-opengl\breakoutgame\breakoutgame\breakoutworld.cpp(231): warning C4244: 'argument': conversion from 'double' to 'GLfloat', possible loss of data
f:\swastik\personal git projects\breakout-ecs-opengl\breakoutgame\breakoutgame\breakoutworld.cpp(232): warning C4244: 'argument': conversion from 'double' to 'GLfloat', possible loss of data
f:\swastik\personal git projects\breakout-ecs-opengl\breakoutgame\breakoutgame\breakoutworld.cpp(233): warning C4244: 'argument': conversion from 'double' to 'GLfloat', possible loss of data
f:\swastik\personal git projects\breakout-ecs-opengl\breakoutgame\breakoutgame\breakoutworld.cpp(234): warning C4244: 'argument': conversion from 'double' to 'GLfloat', possible loss of data
f:\swastik\personal git projects\breakout-ecs-opengl\breakoutgame\breakoutgame\breakoutworld.cpp(235): warning C4244: 'argument': conversion from 'double' to 'GLfloat', possible loss of data
f:\swastik\personal git projects\breakout-ecs-opengl\breakoutgame\breakoutgame\breakoutworld.cpp(236): warning C4244: 'argument': conversion from 'double' to 'GLfloat', possible loss of data
f:\swastik\personal git projects\breakout-ecs-opengl\breakoutgame\breakoutgame\breakoutworld.cpp(240): warning C4244: 'argument': conversion from 'double' to 'GLfloat', possible loss of data
f:\swastik\personal git projects\breakout-ecs-opengl\breakoutgame\breakoutgame\breakoutworld.cpp(241): warning C4244: 'argument': conversion from 'double' to 'GLfloat', possible loss of data
f:\swastik\personal git projects\breakout-ecs-opengl\breakoutgame\breakoutgame\entity.h(225): warning C4244: 'argument': conversion from '_Ty' to 'GLfloat', possible loss of data
          with
          [
              _Ty=int
          ]
  f:\swastik\personal git projects\breakout-ecs-opengl\breakoutgame\breakoutgame\entity.h(185): note: see reference to function template instantiation 'void EntityManager::addComponent<T,const glm::vec2&,_Ty>(Entity,const glm::vec2 &,_Ty &&)' being compiled
          with
          [
              T=MovementComponent,
              _Ty=int
          ]
  f:\swastik\personal git projects\breakout-ecs-opengl\breakoutgame\breakoutgame\breakoutworld.cpp(143): note: see reference to function template instantiation 'void Entity::addComponent<MovementComponent,const glm::vec2&,int>(const glm::vec2 &,int &&)' being compiled
  Entity.cpp
  EntityCollisionSystem.cpp
  MovementSystem.cpp
f:\swastik\personal git projects\breakout-ecs-opengl\breakoutgame\breakoutgame\movementsystem.cpp(58): warning C4244: '=': conversion from 'int' to 'T', possible loss of data
          with
          [
              T=float
          ]
  Source.cpp
f:\swastik\personal git projects\breakout-ecs-opengl\breakoutgame\breakoutgame\source.cpp(59): warning C4244: 'initializing': conversion from 'double' to 'GLfloat', possible loss of data
  System.cpp
  SystemContainers.cpp
  World.cpp
  Generating Code...
  BreakoutGame.vcxproj -> F:\Swastik\Personal Git Projects\Breakout-ECS-OpenGL\BreakoutGame\Debug\BreakoutGame.exe
