f:\swastik\personal git projects\breakout-ecs-opengl\breakoutgame\breakoutgame\debug\vc141.pdb
f:\swastik\personal git projects\breakout-ecs-opengl\breakoutgame\breakoutgame\debug\vc141.idb
f:\swastik\personal git projects\breakout-ecs-opengl\breakoutgame\breakoutgame\debug\world.obj
f:\swastik\personal git projects\breakout-ecs-opengl\breakoutgame\breakoutgame\debug\texture2d.obj
f:\swastik\personal git projects\breakout-ecs-opengl\breakoutgame\breakoutgame\debug\textrenderer.obj
f:\swastik\personal git projects\breakout-ecs-opengl\breakoutgame\breakoutgame\debug\system.obj
f:\swastik\personal git projects\breakout-ecs-opengl\breakoutgame\breakoutgame\debug\spriterenderer.obj
f:\swastik\personal git projects\breakout-ecs-opengl\breakoutgame\breakoutgame\debug\source.obj
f:\swastik\personal git projects\breakout-ecs-opengl\breakoutgame\breakoutgame\debug\shader.obj
f:\swastik\personal git projects\breakout-ecs-opengl\breakoutgame\breakoutgame\debug\event.obj
f:\swastik\personal git projects\breakout-ecs-opengl\breakoutgame\breakoutgame\debug\entitymanager.obj
f:\swastik\personal git projects\breakout-ecs-opengl\breakoutgame\breakoutgame\debug\entity.obj
f:\swastik\personal git projects\breakout-ecs-opengl\breakoutgame\breakoutgame\debug\componentmanager.obj
f:\swastik\personal git projects\breakout-ecs-opengl\breakoutgame\breakoutgame\debug\component.obj
f:\swastik\personal git projects\breakout-ecs-opengl\breakoutgame\breakoutgame\debug\breakoutworld.obj
f:\swastik\personal git projects\breakout-ecs-opengl\breakoutgame\breakoutgame\debug\assetloader.obj
f:\swastik\personal git projects\breakout-ecs-opengl\breakoutgame\breakoutgame\debug\stb_image.obj
f:\swastik\personal git projects\breakout-ecs-opengl\breakoutgame\breakoutgame\debug\systemcontainers.obj
f:\swastik\personal git projects\breakout-ecs-opengl\breakoutgame\debug\breakoutgame.exe
f:\swastik\personal git projects\breakout-ecs-opengl\breakoutgame\debug\breakoutgame.ilk
f:\swastik\personal git projects\breakout-ecs-opengl\breakoutgame\debug\breakoutgame.pdb
f:\swastik\personal git projects\breakout-ecs-opengl\breakoutgame\breakoutgame\debug\breakoutgame.res
f:\swastik\personal git projects\breakout-ecs-opengl\breakoutgame\breakoutgame\debug\breakoutgame.tlog\cl.command.1.tlog
f:\swastik\personal git projects\breakout-ecs-opengl\breakoutgame\breakoutgame\debug\breakoutgame.tlog\cl.read.1.tlog
f:\swastik\personal git projects\breakout-ecs-opengl\breakoutgame\breakoutgame\debug\breakoutgame.tlog\cl.write.1.tlog
f:\swastik\personal git projects\breakout-ecs-opengl\breakoutgame\breakoutgame\debug\breakoutgame.tlog\link.command.1.tlog
f:\swastik\personal git projects\breakout-ecs-opengl\breakoutgame\breakoutgame\debug\breakoutgame.tlog\link.read.1.tlog
f:\swastik\personal git projects\breakout-ecs-opengl\breakoutgame\breakoutgame\debug\breakoutgame.tlog\link.write.1.tlog
f:\swastik\personal git projects\breakout-ecs-opengl\breakoutgame\breakoutgame\debug\breakoutgame.tlog\rc.command.1.tlog
f:\swastik\personal git projects\breakout-ecs-opengl\breakoutgame\breakoutgame\debug\breakoutgame.tlog\rc.read.1.tlog
f:\swastik\personal git projects\breakout-ecs-opengl\breakoutgame\breakoutgame\debug\breakoutgame.tlog\rc.write.1.tlog
